2024-04-28T09:38:48.011+05:30  INFO 34532 --- [restartedMain] c.c.c.CustomerProfileApplication         : Starting CustomerProfileApplication using Java 17.0.6 with PID 34532 (C:\Users\Lenovo\Downloads\customerProfile\customerProfile\target\classes started by Lenovo in C:\Users\Lenovo\Downloads\customerProfile\customerProfile)
2024-04-28T09:38:48.012+05:30  INFO 34532 --- [restartedMain] c.c.c.CustomerProfileApplication         : No active profile set, falling back to 1 default profile: "default"
2024-04-28T09:38:48.214+05:30  INFO 34532 --- [restartedMain] .s.d.r.c.RepositoryConfigurationDelegate : Bootstrapping Spring Data JPA repositories in DEFAULT mode.
2024-04-28T09:38:48.226+05:30  INFO 34532 --- [restartedMain] .s.d.r.c.RepositoryConfigurationDelegate : Finished Spring Data repository scanning in 11 ms. Found 1 JPA repository interface.
2024-04-28T09:38:48.372+05:30  INFO 34532 --- [restartedMain] o.s.b.w.embedded.tomcat.TomcatWebServer  : Tomcat initialized with port(s): 8080 (http)
2024-04-28T09:38:48.373+05:30  INFO 34532 --- [restartedMain] o.apache.catalina.core.StandardService   : Starting service [Tomcat]
2024-04-28T09:38:48.373+05:30  INFO 34532 --- [restartedMain] o.apache.catalina.core.StandardEngine    : Starting Servlet engine: [Apache Tomcat/10.1.20]
2024-04-28T09:38:48.395+05:30  INFO 34532 --- [restartedMain] o.a.c.c.C.[Tomcat].[localhost].[/]       : Initializing Spring embedded WebApplicationContext
2024-04-28T09:38:48.395+05:30  INFO 34532 --- [restartedMain] w.s.c.ServletWebServerApplicationContext : Root WebApplicationContext: initialization completed in 381 ms
2024-04-28T09:38:48.417+05:30  INFO 34532 --- [restartedMain] com.zaxxer.hikari.HikariDataSource       : HikariPool-10 - Starting...
2024-04-28T09:38:48.418+05:30  INFO 34532 --- [restartedMain] com.zaxxer.hikari.pool.HikariPool        : HikariPool-10 - Added connection conn100: url=jdbc:h2:mem:testdb user=SA
2024-04-28T09:38:48.419+05:30  INFO 34532 --- [restartedMain] com.zaxxer.hikari.HikariDataSource       : HikariPool-10 - Start completed.
2024-04-28T09:38:48.419+05:30  INFO 34532 --- [restartedMain] o.s.b.a.h2.H2ConsoleAutoConfiguration    : H2 console available at '/h2-console'. Database available at 'jdbc:h2:mem:testdb'
2024-04-28T09:38:48.445+05:30  INFO 34532 --- [restartedMain] o.hibernate.jpa.internal.util.LogHelper  : HHH000204: Processing PersistenceUnitInfo [name: default]
2024-04-28T09:38:48.455+05:30  INFO 34532 --- [restartedMain] o.s.o.j.p.SpringPersistenceUnitInfo      : No LoadTimeWeaver setup: ignoring JPA class transformer
2024-04-28T09:38:48.461+05:30  WARN 34532 --- [restartedMain] org.hibernate.orm.deprecation            : HHH90000025: H2Dialect does not need to be specified explicitly using 'hibernate.dialect' (remove the property setting and it will be selected by default)
2024-04-28T09:38:48.495+05:30  INFO 34532 --- [restartedMain] o.h.e.t.j.p.i.JtaPlatformInitiator       : HHH000489: No JTA platform available (set 'hibernate.transaction.jta.platform' to enable JTA platform integration)
2024-04-28T09:38:48.498+05:30  INFO 34532 --- [restartedMain] j.LocalContainerEntityManagerFactoryBean : Initialized JPA EntityManagerFactory for persistence unit 'default'
2024-04-28T09:38:48.558+05:30  WARN 34532 --- [restartedMain] JpaBaseConfiguration$JpaWebConfiguration : spring.jpa.open-in-view is enabled by default. Therefore, database queries may be performed during view rendering. Explicitly configure spring.jpa.open-in-view to disable this warning
2024-04-28T09:38:48.682+05:30  INFO 34532 --- [restartedMain] o.s.b.d.a.OptionalLiveReloadServer       : LiveReload server is running on port 35729
2024-04-28T09:38:48.700+05:30  INFO 34532 --- [restartedMain] o.s.b.w.embedded.tomcat.TomcatWebServer  : Tomcat started on port(s): 8080 (http) with context path ''
2024-04-28T09:38:48.710+05:30  INFO 34532 --- [restartedMain] c.c.c.CustomerProfileApplication         : Started CustomerProfileApplication in 0.804 seconds (process running for 38374.0)
2024-04-28T09:38:50.123+05:30  INFO 34532 --- [File Watcher] rtingClassPathChangeChangedEventListener : Restarting due to 10 class path changes (1 addition, 0 deletions, 9 modifications)
2024-04-28T09:38:50.148+05:30  INFO 34532 --- [Thread-40] o.apache.catalina.core.StandardService   : Stopping service [Tomcat]
2024-04-28T09:38:50.155+05:30  INFO 34532 --- [Thread-40] j.LocalContainerEntityManagerFactoryBean : Closing JPA EntityManagerFactory for persistence unit 'default'
2024-04-28T09:38:50.368+05:30  WARN 34532 --- [Thread-40] o.s.b.f.support.DisposableBeanAdapter    : Invocation of destroy method failed on bean with name 'inMemoryDatabaseShutdownExecutor': org.h2.jdbc.JdbcSQLNonTransientConnectionException: Database is already closed (to disable automatic closing at VM shutdown, add ";DB_CLOSE_ON_EXIT=FALSE" to the db URL) [90121-214]
2024-04-28T09:38:50.369+05:30  INFO 34532 --- [Thread-40] com.zaxxer.hikari.HikariDataSource       : HikariPool-10 - Shutdown initiated...
2024-04-28T09:38:50.371+05:30  INFO 34532 --- [Thread-40] com.zaxxer.hikari.HikariDataSource       : HikariPool-10 - Shutdown completed.
2024-04-28T09:38:50.531+05:30  INFO 34532 --- [restartedMain] c.c.c.CustomerProfileApplication         : Starting CustomerProfileApplication using Java 17.0.6 with PID 34532 (C:\Users\Lenovo\Downloads\customerProfile\customerProfile\target\classes started by Lenovo in C:\Users\Lenovo\Downloads\customerProfile\customerProfile)
2024-04-28T09:38:50.531+05:30  INFO 34532 --- [restartedMain] c.c.c.CustomerProfileApplication         : No active profile set, falling back to 1 default profile: "default"
2024-04-28T09:38:50.781+05:30  INFO 34532 --- [restartedMain] .s.d.r.c.RepositoryConfigurationDelegate : Bootstrapping Spring Data JPA repositories in DEFAULT mode.
2024-04-28T09:38:50.791+05:30  INFO 34532 --- [restartedMain] .s.d.r.c.RepositoryConfigurationDelegate : Finished Spring Data repository scanning in 9 ms. Found 1 JPA repository interface.
2024-04-28T09:38:50.871+05:30  INFO 34532 --- [restartedMain] o.s.b.w.embedded.tomcat.TomcatWebServer  : Tomcat initialized with port(s): 8080 (http)
2024-04-28T09:38:50.872+05:30  INFO 34532 --- [restartedMain] o.apache.catalina.core.StandardService   : Starting service [Tomcat]
2024-04-28T09:38:50.872+05:30  INFO 34532 --- [restartedMain] o.apache.catalina.core.StandardEngine    : Starting Servlet engine: [Apache Tomcat/10.1.20]
2024-04-28T09:38:50.929+05:30  INFO 34532 --- [restartedMain] o.a.c.c.C.[Tomcat].[localhost].[/]       : Initializing Spring embedded WebApplicationContext
2024-04-28T09:38:50.929+05:30  INFO 34532 --- [restartedMain] w.s.c.ServletWebServerApplicationContext : Root WebApplicationContext: initialization completed in 394 ms
2024-04-28T09:38:50.941+05:30  INFO 34532 --- [restartedMain] com.zaxxer.hikari.HikariDataSource       : HikariPool-11 - Starting...
2024-04-28T09:38:50.942+05:30  INFO 34532 --- [restartedMain] com.zaxxer.hikari.pool.HikariPool        : HikariPool-11 - Added connection conn110: url=jdbc:h2:mem:testdb user=SA
2024-04-28T09:38:50.942+05:30  INFO 34532 --- [restartedMain] com.zaxxer.hikari.HikariDataSource       : HikariPool-11 - Start completed.
2024-04-28T09:38:50.943+05:30  INFO 34532 --- [restartedMain] o.s.b.a.h2.H2ConsoleAutoConfiguration    : H2 console available at '/h2-console'. Database available at 'jdbc:h2:mem:testdb'
2024-04-28T09:38:50.960+05:30  INFO 34532 --- [restartedMain] o.hibernate.jpa.internal.util.LogHelper  : HHH000204: Processing PersistenceUnitInfo [name: default]
2024-04-28T09:38:50.968+05:30  INFO 34532 --- [restartedMain] o.s.o.j.p.SpringPersistenceUnitInfo      : No LoadTimeWeaver setup: ignoring JPA class transformer
2024-04-28T09:38:50.968+05:30  WARN 34532 --- [restartedMain] org.hibernate.orm.deprecation            : HHH90000025: H2Dialect does not need to be specified explicitly using 'hibernate.dialect' (remove the property setting and it will be selected by default)
2024-04-28T09:38:50.998+05:30  INFO 34532 --- [restartedMain] o.h.e.t.j.p.i.JtaPlatformInitiator       : HHH000489: No JTA platform available (set 'hibernate.transaction.jta.platform' to enable JTA platform integration)
2024-04-28T09:38:51.001+05:30  INFO 34532 --- [restartedMain] j.LocalContainerEntityManagerFactoryBean : Initialized JPA EntityManagerFactory for persistence unit 'default'
2024-04-28T09:38:51.056+05:30  WARN 34532 --- [restartedMain] JpaBaseConfiguration$JpaWebConfiguration : spring.jpa.open-in-view is enabled by default. Therefore, database queries may be performed during view rendering. Explicitly configure spring.jpa.open-in-view to disable this warning
2024-04-28T09:38:51.163+05:30  INFO 34532 --- [restartedMain] o.s.b.d.a.OptionalLiveReloadServer       : LiveReload server is running on port 35729
2024-04-28T09:38:51.176+05:30  INFO 34532 --- [restartedMain] o.s.b.w.embedded.tomcat.TomcatWebServer  : Tomcat started on port(s): 8080 (http) with context path ''
2024-04-28T09:38:51.181+05:30  INFO 34532 --- [restartedMain] c.c.c.CustomerProfileApplication         : Started CustomerProfileApplication in 0.716 seconds (process running for 38376.472)
2024-04-28T09:38:51.182+05:30  INFO 34532 --- [restartedMain] .ConditionEvaluationDeltaLoggingListener : Condition evaluation unchanged
2024-04-28T09:39:18.254+05:30  INFO 34532 --- [File Watcher] rtingClassPathChangeChangedEventListener : Restarting due to 3 class path changes (0 additions, 0 deletions, 3 modifications)
2024-04-28T09:39:18.271+05:30  INFO 34532 --- [Thread-44] o.apache.catalina.core.StandardService   : Stopping service [Tomcat]
2024-04-28T09:39:18.278+05:30  INFO 34532 --- [Thread-44] j.LocalContainerEntityManagerFactoryBean : Closing JPA EntityManagerFactory for persistence unit 'default'
2024-04-28T09:39:18.482+05:30  WARN 34532 --- [Thread-44] o.s.b.f.support.DisposableBeanAdapter    : Invocation of destroy method failed on bean with name 'inMemoryDatabaseShutdownExecutor': org.h2.jdbc.JdbcSQLNonTransientConnectionException: Database is already closed (to disable automatic closing at VM shutdown, add ";DB_CLOSE_ON_EXIT=FALSE" to the db URL) [90121-214]
2024-04-28T09:39:18.482+05:30  INFO 34532 --- [Thread-44] com.zaxxer.hikari.HikariDataSource       : HikariPool-11 - Shutdown initiated...
2024-04-28T09:39:18.483+05:30  INFO 34532 --- [Thread-44] com.zaxxer.hikari.HikariDataSource       : HikariPool-11 - Shutdown completed.
2024-04-28T09:39:18.581+05:30  INFO 34532 --- [restartedMain] c.c.c.CustomerProfileApplication         : Starting CustomerProfileApplication using Java 17.0.6 with PID 34532 (C:\Users\Lenovo\Downloads\customerProfile\customerProfile\target\classes started by Lenovo in C:\Users\Lenovo\Downloads\customerProfile\customerProfile)
2024-04-28T09:39:18.581+05:30  INFO 34532 --- [restartedMain] c.c.c.CustomerProfileApplication         : No active profile set, falling back to 1 default profile: "default"
2024-04-28T09:39:18.955+05:30  INFO 34532 --- [restartedMain] .s.d.r.c.RepositoryConfigurationDelegate : Bootstrapping Spring Data JPA repositories in DEFAULT mode.
2024-04-28T09:39:18.966+05:30  INFO 34532 --- [restartedMain] .s.d.r.c.RepositoryConfigurationDelegate : Finished Spring Data repository scanning in 10 ms. Found 1 JPA repository interface.
2024-04-28T09:39:19.083+05:30  INFO 34532 --- [restartedMain] o.s.b.w.embedded.tomcat.TomcatWebServer  : Tomcat initialized with port(s): 8080 (http)
2024-04-28T09:39:19.084+05:30  INFO 34532 --- [restartedMain] o.apache.catalina.core.StandardService   : Starting service [Tomcat]
2024-04-28T09:39:19.084+05:30  INFO 34532 --- [restartedMain] o.apache.catalina.core.StandardEngine    : Starting Servlet engine: [Apache Tomcat/10.1.20]
2024-04-28T09:39:19.113+05:30  INFO 34532 --- [restartedMain] o.a.c.c.C.[Tomcat].[localhost].[/]       : Initializing Spring embedded WebApplicationContext
2024-04-28T09:39:19.113+05:30  INFO 34532 --- [restartedMain] w.s.c.ServletWebServerApplicationContext : Root WebApplicationContext: initialization completed in 503 ms
2024-04-28T09:39:19.128+05:30  INFO 34532 --- [restartedMain] com.zaxxer.hikari.HikariDataSource       : HikariPool-12 - Starting...
2024-04-28T09:39:19.129+05:30  INFO 34532 --- [restartedMain] com.zaxxer.hikari.pool.HikariPool        : HikariPool-12 - Added connection conn120: url=jdbc:h2:mem:testdb user=SA
2024-04-28T09:39:19.129+05:30  INFO 34532 --- [restartedMain] com.zaxxer.hikari.HikariDataSource       : HikariPool-12 - Start completed.
2024-04-28T09:39:19.130+05:30  INFO 34532 --- [restartedMain] o.s.b.a.h2.H2ConsoleAutoConfiguration    : H2 console available at '/h2-console'. Database available at 'jdbc:h2:mem:testdb'
2024-04-28T09:39:19.155+05:30  INFO 34532 --- [restartedMain] o.hibernate.jpa.internal.util.LogHelper  : HHH000204: Processing PersistenceUnitInfo [name: default]
2024-04-28T09:39:19.164+05:30  INFO 34532 --- [restartedMain] o.s.o.j.p.SpringPersistenceUnitInfo      : No LoadTimeWeaver setup: ignoring JPA class transformer
2024-04-28T09:39:19.165+05:30  WARN 34532 --- [restartedMain] org.hibernate.orm.deprecation            : HHH90000025: H2Dialect does not need to be specified explicitly using 'hibernate.dialect' (remove the property setting and it will be selected by default)
2024-04-28T09:39:19.207+05:30  INFO 34532 --- [restartedMain] o.h.e.t.j.p.i.JtaPlatformInitiator       : HHH000489: No JTA platform available (set 'hibernate.transaction.jta.platform' to enable JTA platform integration)
2024-04-28T09:39:19.210+05:30  INFO 34532 --- [restartedMain] j.LocalContainerEntityManagerFactoryBean : Initialized JPA EntityManagerFactory for persistence unit 'default'
2024-04-28T09:39:19.277+05:30  WARN 34532 --- [restartedMain] JpaBaseConfiguration$JpaWebConfiguration : spring.jpa.open-in-view is enabled by default. Therefore, database queries may be performed during view rendering. Explicitly configure spring.jpa.open-in-view to disable this warning
2024-04-28T09:39:19.395+05:30  INFO 34532 --- [restartedMain] o.s.b.d.a.OptionalLiveReloadServer       : LiveReload server is running on port 35729
2024-04-28T09:39:19.417+05:30  INFO 34532 --- [restartedMain] o.s.b.w.embedded.tomcat.TomcatWebServer  : Tomcat started on port(s): 8080 (http) with context path ''
2024-04-28T09:39:19.426+05:30  INFO 34532 --- [restartedMain] c.c.c.CustomerProfileApplication         : Started CustomerProfileApplication in 0.89 seconds (process running for 38404.716)
2024-04-28T09:39:19.431+05:30  INFO 34532 --- [restartedMain] .ConditionEvaluationDeltaLoggingListener : Condition evaluation unchanged
2024-04-28T09:39:20.849+05:30  INFO 34532 --- [File Watcher] rtingClassPathChangeChangedEventListener : Restarting due to 10 class path changes (0 additions, 0 deletions, 10 modifications)
2024-04-28T09:39:20.863+05:30  INFO 34532 --- [Thread-48] o.apache.catalina.core.StandardService   : Stopping service [Tomcat]
2024-04-28T09:39:20.869+05:30  INFO 34532 --- [Thread-48] j.LocalContainerEntityManagerFactoryBean : Closing JPA EntityManagerFactory for persistence unit 'default'
2024-04-28T09:39:21.078+05:30  WARN 34532 --- [Thread-48] o.s.b.f.support.DisposableBeanAdapter    : Invocation of destroy method failed on bean with name 'inMemoryDatabaseShutdownExecutor': org.h2.jdbc.JdbcSQLNonTransientConnectionException: Database is already closed (to disable automatic closing at VM shutdown, add ";DB_CLOSE_ON_EXIT=FALSE" to the db URL) [90121-214]
2024-04-28T09:39:21.079+05:30  INFO 34532 --- [Thread-48] com.zaxxer.hikari.HikariDataSource       : HikariPool-12 - Shutdown initiated...
2024-04-28T09:39:21.080+05:30  INFO 34532 --- [Thread-48] com.zaxxer.hikari.HikariDataSource       : HikariPool-12 - Shutdown completed.
2024-04-28T09:39:21.168+05:30  INFO 34532 --- [restartedMain] c.c.c.CustomerProfileApplication         : Starting CustomerProfileApplication using Java 17.0.6 with PID 34532 (C:\Users\Lenovo\Downloads\customerProfile\customerProfile\target\classes started by Lenovo in C:\Users\Lenovo\Downloads\customerProfile\customerProfile)
2024-04-28T09:39:21.168+05:30  INFO 34532 --- [restartedMain] c.c.c.CustomerProfileApplication         : No active profile set, falling back to 1 default profile: "default"
2024-04-28T09:39:21.338+05:30  INFO 34532 --- [restartedMain] .s.d.r.c.RepositoryConfigurationDelegate : Bootstrapping Spring Data JPA repositories in DEFAULT mode.
2024-04-28T09:39:21.346+05:30  INFO 34532 --- [restartedMain] .s.d.r.c.RepositoryConfigurationDelegate : Finished Spring Data repository scanning in 7 ms. Found 1 JPA repository interface.
2024-04-28T09:39:21.436+05:30  INFO 34532 --- [restartedMain] o.s.b.w.embedded.tomcat.TomcatWebServer  : Tomcat initialized with port(s): 8080 (http)
2024-04-28T09:39:21.437+05:30  INFO 34532 --- [restartedMain] o.apache.catalina.core.StandardService   : Starting service [Tomcat]
2024-04-28T09:39:21.437+05:30  INFO 34532 --- [restartedMain] o.apache.catalina.core.StandardEngine    : Starting Servlet engine: [Apache Tomcat/10.1.20]
2024-04-28T09:39:21.461+05:30  INFO 34532 --- [restartedMain] o.a.c.c.C.[Tomcat].[localhost].[/]       : Initializing Spring embedded WebApplicationContext
2024-04-28T09:39:21.461+05:30  INFO 34532 --- [restartedMain] w.s.c.ServletWebServerApplicationContext : Root WebApplicationContext: initialization completed in 290 ms
2024-04-28T09:39:21.472+05:30  INFO 34532 --- [restartedMain] com.zaxxer.hikari.HikariDataSource       : HikariPool-13 - Starting...
2024-04-28T09:39:21.475+05:30  INFO 34532 --- [restartedMain] com.zaxxer.hikari.pool.HikariPool        : HikariPool-13 - Added connection conn130: url=jdbc:h2:mem:testdb user=SA
2024-04-28T09:39:21.475+05:30  INFO 34532 --- [restartedMain] com.zaxxer.hikari.HikariDataSource       : HikariPool-13 - Start completed.
2024-04-28T09:39:21.475+05:30  INFO 34532 --- [restartedMain] o.s.b.a.h2.H2ConsoleAutoConfiguration    : H2 console available at '/h2-console'. Database available at 'jdbc:h2:mem:testdb'
2024-04-28T09:39:21.495+05:30  INFO 34532 --- [restartedMain] o.hibernate.jpa.internal.util.LogHelper  : HHH000204: Processing PersistenceUnitInfo [name: default]
2024-04-28T09:39:21.504+05:30  INFO 34532 --- [restartedMain] o.s.o.j.p.SpringPersistenceUnitInfo      : No LoadTimeWeaver setup: ignoring JPA class transformer
2024-04-28T09:39:21.505+05:30  WARN 34532 --- [restartedMain] org.hibernate.orm.deprecation            : HHH90000025: H2Dialect does not need to be specified explicitly using 'hibernate.dialect' (remove the property setting and it will be selected by default)
2024-04-28T09:39:21.539+05:30  INFO 34532 --- [restartedMain] o.h.e.t.j.p.i.JtaPlatformInitiator       : HHH000489: No JTA platform available (set 'hibernate.transaction.jta.platform' to enable JTA platform integration)
2024-04-28T09:39:21.541+05:30  INFO 34532 --- [restartedMain] j.LocalContainerEntityManagerFactoryBean : Initialized JPA EntityManagerFactory for persistence unit 'default'
2024-04-28T09:39:21.602+05:30  WARN 34532 --- [restartedMain] JpaBaseConfiguration$JpaWebConfiguration : spring.jpa.open-in-view is enabled by default. Therefore, database queries may be performed during view rendering. Explicitly configure spring.jpa.open-in-view to disable this warning
2024-04-28T09:39:21.726+05:30  INFO 34532 --- [restartedMain] o.s.b.d.a.OptionalLiveReloadServer       : LiveReload server is running on port 35729
2024-04-28T09:39:21.744+05:30  INFO 34532 --- [restartedMain] o.s.b.w.embedded.tomcat.TomcatWebServer  : Tomcat started on port(s): 8080 (http) with context path ''
2024-04-28T09:39:21.751+05:30  INFO 34532 --- [restartedMain] c.c.c.CustomerProfileApplication         : Started CustomerProfileApplication in 0.623 seconds (process running for 38407.041)
2024-04-28T09:39:21.752+05:30  INFO 34532 --- [restartedMain] .ConditionEvaluationDeltaLoggingListener : Condition evaluation unchanged
2024-04-28T09:39:25.340+05:30  INFO 34532 --- [RMI TCP Connection(83)-127.0.0.1] inMXBeanRegistrar$SpringApplicationAdmin : Application shutdown requested.
2024-04-28T09:39:25.363+05:30  INFO 34532 --- [RMI TCP Connection(83)-127.0.0.1] o.apache.catalina.core.StandardService   : Stopping service [Tomcat]
2024-04-28T09:39:25.370+05:30  INFO 34532 --- [RMI TCP Connection(83)-127.0.0.1] j.LocalContainerEntityManagerFactoryBean : Closing JPA EntityManagerFactory for persistence unit 'default'
2024-04-28T09:39:25.784+05:30  WARN 34532 --- [RMI TCP Connection(83)-127.0.0.1] o.s.b.f.support.DisposableBeanAdapter    : Invocation of destroy method failed on bean with name 'inMemoryDatabaseShutdownExecutor': org.h2.jdbc.JdbcSQLNonTransientConnectionException: Database is already closed (to disable automatic closing at VM shutdown, add ";DB_CLOSE_ON_EXIT=FALSE" to the db URL) [90121-214]
2024-04-28T09:39:25.785+05:30  INFO 34532 --- [RMI TCP Connection(83)-127.0.0.1] com.zaxxer.hikari.HikariDataSource       : HikariPool-13 - Shutdown initiated...
2024-04-28T09:39:25.898+05:30  INFO 34532 --- [RMI TCP Connection(83)-127.0.0.1] com.zaxxer.hikari.HikariDataSource       : HikariPool-13 - Shutdown completed.
